<?xml version="1.0" encoding="UTF-8"?>
<!-- Generated by org.testng.reporters.JUnitXMLReporter -->
<testsuite hostname="HP-PC" name="RegressionTest" tests="4" failures="3" timestamp="10 Oct 2018 10:48:30 GMT" time="58.858" errors="0">
  <testcase name="homePageTest" time="2.066" classname="testcases.VerifyLoginPageWithReports">
    <failure type="java.lang.IllegalStateException" message="Cannot get a text value from a numeric cell">
      <![CDATA[java.lang.IllegalStateException: Cannot get a text value from a numeric cell
	at org.apache.poi.xssf.usermodel.XSSFCell.typeMismatch(XSSFCell.java:994)
	at org.apache.poi.xssf.usermodel.XSSFCell.getRichStringCellValue(XSSFCell.java:399)
	at org.apache.poi.xssf.usermodel.XSSFCell.getStringCellValue(XSSFCell.java:351)
	at dataProvider.ExcelDataProvider.getData(ExcelDataProvider.java:26)
	at testcases.VerifyLoginPageWithReports.homePageTest(VerifyLoginPageWithReports.java:50)
... Removed 24 stack frames]]>
    </failure>
  </testcase> <!-- homePageTest -->
  <testcase name="homePageTest" time="0.014" classname="testcases.VerifyHomePageTest"/>
  <testcase name="homePageTest" time="1.427" classname="testcases.VerifyLoginPage">
    <failure type="java.lang.IllegalStateException" message="Cannot get a text value from a numeric cell">
      <![CDATA[java.lang.IllegalStateException: Cannot get a text value from a numeric cell
	at org.apache.poi.xssf.usermodel.XSSFCell.typeMismatch(XSSFCell.java:994)
	at org.apache.poi.xssf.usermodel.XSSFCell.getRichStringCellValue(XSSFCell.java:399)
	at org.apache.poi.xssf.usermodel.XSSFCell.getStringCellValue(XSSFCell.java:351)
	at dataProvider.ExcelDataProvider.getData(ExcelDataProvider.java:26)
	at testcases.VerifyLoginPage.homePageTest(VerifyLoginPage.java:33)
... Removed 24 stack frames]]>
    </failure>
  </testcase> <!-- homePageTest -->
  <testcase name="homePageTest" time="1.346" classname="testcases.VerifyLoginPageWithSC">
    <failure type="java.lang.IllegalStateException" message="Cannot get a text value from a numeric cell">
      <![CDATA[java.lang.IllegalStateException: Cannot get a text value from a numeric cell
	at org.apache.poi.xssf.usermodel.XSSFCell.typeMismatch(XSSFCell.java:994)
	at org.apache.poi.xssf.usermodel.XSSFCell.getRichStringCellValue(XSSFCell.java:399)
	at org.apache.poi.xssf.usermodel.XSSFCell.getStringCellValue(XSSFCell.java:351)
	at dataProvider.ExcelDataProvider.getData(ExcelDataProvider.java:26)
	at testcases.VerifyLoginPageWithSC.homePageTest(VerifyLoginPageWithSC.java:51)
... Removed 24 stack frames]]>
    </failure>
  </testcase> <!-- homePageTest -->
</testsuite> <!-- RegressionTest -->
