<?xml version="1.0" encoding="UTF-8"?>
<!-- Generated by org.testng.reporters.JUnitXMLReporter -->
<testsuite hostname="HP-PC" name="SmokeScenario" tests="1" failures="1" timestamp="6 Oct 2018 12:06:39 GMT" time="19.733" errors="0">
  <testcase name="homePageTest" time="6.48" classname="testcases.VerifyLoginPage">
    <failure type="java.lang.IllegalStateException" message="Cannot get a text value from a numeric cell">
      <![CDATA[java.lang.IllegalStateException: Cannot get a text value from a numeric cell
	at org.apache.poi.xssf.usermodel.XSSFCell.typeMismatch(XSSFCell.java:994)
	at org.apache.poi.xssf.usermodel.XSSFCell.getRichStringCellValue(XSSFCell.java:399)
	at org.apache.poi.xssf.usermodel.XSSFCell.getStringCellValue(XSSFCell.java:351)
	at dataProvider.ExcelDataProvider.getData(ExcelDataProvider.java:27)
	at testcases.VerifyLoginPage.homePageTest(VerifyLoginPage.java:33)
... Removed 24 stack frames]]>
    </failure>
  </testcase> <!-- homePageTest -->
</testsuite> <!-- SmokeScenario -->
